<?xml version="1.0" encoding="UTF-8"?>
<testng-results ignored="0" total="1" passed="1" failed="0" skipped="0">
  <reporter-output>
  </reporter-output>
  <suite started-at="2022-10-27T10:45:18 IST" name="Default suite" finished-at="2022-10-27T10:45:23 IST" duration-ms="5292">
    <groups>
    </groups>
    <test started-at="2022-10-27T10:45:18 IST" name="Default test" finished-at="2022-10-27T10:45:23 IST" duration-ms="5292">
      <class name="selenium.propertiesfile">
        <test-method signature="abc()[pri:0, instance:selenium.propertiesfile@48f278eb]" started-at="2022-10-27T10:45:18 IST" name="abc" finished-at="2022-10-27T10:45:23 IST" duration-ms="5222" status="PASS">
          <reporter-output>
          </reporter-output>
        </test-method> <!-- abc -->
      </class> <!-- selenium.propertiesfile -->
    </test> <!-- Default test -->
  </suite> <!-- Default suite -->
</testng-results>
